=== AMAZON BEDROCK BATCH PROCESSING DEMONSTRATION ===
Timestamp: 2025-09-25 11:48:03
Region: us-east-1
Model: amazon.nova-lite-v1:0

[11:47:51] === BATCH PROCESSING DEMONSTRATION START ===
[11:47:51] 
=== S3 BUCKET SETUP ===
[11:47:51] Creating S3 bucket: bedrock-batch-demo-e01815b1
[11:47:51] S3 bucket created successfully: bedrock-batch-demo-e01815b1
[11:47:51] 
=== BATCH DATA LOADING ===
[11:47:51] Loaded 100 batch records from ../../data/sample_batch_input.jsonl
[11:47:51] Sample prompt: Explain cloud computing in 50 words.
[11:47:51] Max tokens per response: 75
[11:47:51] 
=== BATCH DATA UPLOAD ===
[11:47:52] Uploaded batch data to: s3://bedrock-batch-demo-e01815b1/input/batch_input.jsonl
[11:47:52] File size: 21737 bytes
[11:47:52] Records count: 100
[11:47:52] 
=== BATCH JOB CREATION ===
[11:47:52] Job Name: batch-demo-1758815272
[11:47:52] Model ID: amazon.nova-lite-v1:0
[11:47:52] Input S3 URI: s3://bedrock-batch-demo-e01815b1/input/batch_input.jsonl
[11:47:52] Output S3 URI: s3://bedrock-batch-demo-e01815b1/output/
[11:47:52] 
=== IAM ROLE CREATION ===
[11:47:52] Created IAM role: BedrockBatchRole-1758815272
[11:47:52] Role ARN: arn:aws:iam::181769953252:role/BedrockBatchRole-1758815272
[11:47:52] Created and attached policy: BedrockBatchPolicy-1758815272
[11:48:02] Using IAM Role: arn:aws:iam::181769953252:role/BedrockBatchRole-1758815272
[11:48:03] Batch job created successfully
[11:48:03] Job ARN: arn:aws:bedrock:us-east-1:181769953252:model-invocation-job/wkrs8zx1g3vd
[11:48:03] 
=== JOB STATUS CHECK ===
[11:48:03] Job Name: batch-demo-1758815272
[11:48:03] Job ARN: arn:aws:bedrock:us-east-1:181769953252:model-invocation-job/wkrs8zx1g3vd
[11:48:03] Status: Submitted
[11:48:03] Submit Time: 2025-09-25 15:48:03.675000+00:00