=== AMAZON BEDROCK PROVISIONED THROUGHPUT DEMONSTRATION ===
Timestamp: 2025-09-25 11:43:06
Region: us-east-1

[11:43:06] === AMAZON BEDROCK PROVISIONED THROUGHPUT DEMONSTRATION ===
[11:43:06] 
=== CONFIGURATION ===
[11:43:06] Model: amazon.nova-lite-v1:0
[11:43:06] Model Units: 1
[11:43:06] Commitment: no-commitment
[11:43:06] 
=== PRICING GUIDANCE ===
[11:43:06] 
=== PRICING GUIDANCE ===
[11:43:06] Model: amazon.nova-lite-v1:0
[11:43:06] Units: 1
[11:43:06] Commitment: no-commitment
[11:43:06] Pricing Guidance: {
  "model_id": "amazon.nova-lite-v1:0",
  "model_units": 1,
  "commitment_term": "no-commitment",
  "commitment_discount": "No discount",
  "pricing_note": "Pricing varies by model, region, and commitment term",
  "pricing_calculator_url": "https://calculator.aws",
  "pricing_page_url": "https://aws.amazon.com/bedrock/pricing/"
}
[11:43:06] Model: amazon.nova-lite-v1:0
[11:43:06] Units: 1
[11:43:06] Commitment Discount: No discount
[11:43:06] Pricing Note: Pricing varies by model, region, and commitment term
[11:43:06] 
=== EXISTING PROVISIONED THROUGHPUTS ===
[11:43:06] 
=== PROVISIONED THROUGHPUT DISCOVERY ===
[11:43:06] Total Provisioned Throughputs Found: 0
[11:43:06] No existing provisioned throughputs found
[11:43:06] 
=== PROVISIONED THROUGHPUT CREATION PROCESS ===
[11:43:06] 1. Request model units from AWS Support
[11:43:06] 2. Use AWS Console or API to create provisioned throughput
[11:43:06] 3. Wait for status to become 'InService'
[11:43:06] 4. Use provisioned model ARN for inference
[11:43:06] 
=== EXAMPLE API CALL ===
[11:43:06] aws bedrock create-provisioned-model-throughput \
[11:43:06]   --provisioned-model-name 'my-pt-1758814986' \
[11:43:06]   --model-id 'amazon.nova-lite-v1:0' \
[11:43:06]   --model-units 1
[11:43:06] 
=== SIMULATED CREATION PROCESS ===
[11:43:06] Creating provisioned throughput: pt-nova-lite-1758814986
[11:43:06] Model: amazon.nova-lite-v1:0
[11:43:06] Model Units: 1
[11:43:06] Commitment: no-commitment
[11:43:06] Status: Creating...
[11:43:06] Status: InService (typically takes 10-20 minutes)
[11:43:06] Provisioned throughput ready for inference
[11:43:06] 
=== BENEFITS OF PROVISIONED THROUGHPUT ===
[11:43:06] Guaranteed capacity No throttling during peak usage
[11:43:06] Predictable costs Fixed hourly pricing with commitment discounts
[11:43:06] Consistent performance Dedicated compute resources
[11:43:06] Cost savings Up to 20% discount with 6-month commitment
[11:43:06] 
=== DEMONSTRATION COMPLETE ===